2022-10-13 17:43:09,470 INFO com.todo.Todos.TodosApplication [restartedMain] Starting TodosApplication using Java 17.0.3 on DESKTOP-OQL0VOD with PID 14564 (E:\Spring_practise\Spring-API-\target\classes started by BRANE - LAB in E:\Spring_practise\Spring-API-)
2022-10-13 17:43:09,471 INFO com.todo.Todos.TodosApplication [restartedMain] No active profile set, falling back to 1 default profile: "default"
2022-10-13 17:43:10,176 INFO org.apache.catalina.core.StandardService [restartedMain] Starting service [Tomcat]
2022-10-13 17:43:10,177 INFO org.apache.catalina.core.StandardEngine [restartedMain] Starting Servlet engine: [Apache Tomcat/9.0.65]
2022-10-13 17:43:10,210 INFO org.apache.catalina.core.ContainerBase.[Tomcat].[localhost].[/] [restartedMain] Initializing Spring embedded WebApplicationContext
2022-10-13 17:43:10,361 INFO org.mongodb.driver.client [restartedMain] MongoClient with metadata {"driver": {"name": "mongo-java-driver|sync|spring-boot", "version": "4.6.1"}, "os": {"type": "Windows", "name": "Windows 10", "architecture": "amd64", "version": "10.0"}, "platform": "Java/Eclipse Adoptium/17.0.3+7"} created with settings MongoClientSettings{readPreference=primary, writeConcern=WriteConcern{w=majority, wTimeout=null ms, journal=null}, retryWrites=true, retryReads=true, readConcern=ReadConcern{level=null}, credential=MongoCredential{mechanism=null, userName='testuser', source='admin', password=<hidden>, mechanismProperties=<hidden>}, streamFactoryFactory=null, commandListeners=[], codecRegistry=ProvidersCodecRegistry{codecProviders=[ValueCodecProvider{}, BsonValueCodecProvider{}, DBRefCodecProvider{}, DBObjectCodecProvider{}, DocumentCodecProvider{}, IterableCodecProvider{}, MapCodecProvider{}, GeoJsonCodecProvider{}, GridFSFileCodecProvider{}, Jsr310CodecProvider{}, JsonObjectCodecProvider{}, BsonCodecProvider{}, EnumCodecProvider{}, com.mongodb.Jep395RecordCodecProvider@1aaf2304]}, clusterSettings={hosts=[127.0.0.1:27017], srvHost=cluster0.gjyykwi.mongodb.net, srvServiceName=mongodb, mode=MULTIPLE, requiredClusterType=REPLICA_SET, requiredReplicaSetName='atlas-b8xotm-shard-0', serverSelector='null', clusterListeners='[]', serverSelectionTimeout='30000 ms', localThreshold='30000 ms'}, socketSettings=SocketSettings{connectTimeoutMS=10000, readTimeoutMS=0, receiveBufferSize=0, sendBufferSize=0}, heartbeatSocketSettings=SocketSettings{connectTimeoutMS=10000, readTimeoutMS=10000, receiveBufferSize=0, sendBufferSize=0}, connectionPoolSettings=ConnectionPoolSettings{maxSize=100, minSize=0, maxWaitTimeMS=120000, maxConnectionLifeTimeMS=0, maxConnectionIdleTimeMS=0, maintenanceInitialDelayMS=0, maintenanceFrequencyMS=60000, connectionPoolListeners=[], maxConnecting=2}, serverSettings=ServerSettings{heartbeatFrequencyMS=10000, minHeartbeatFrequencyMS=500, serverListeners='[]', serverMonitorListeners='[]'}, sslSettings=SslSettings{enabled=true, invalidHostNameAllowed=false, context=null}, applicationName='null', compressorList=[], uuidRepresentation=JAVA_LEGACY, serverApi=null, autoEncryptionSettings=null, contextProvider=null}
2022-10-13 17:43:10,666 INFO org.mongodb.driver.cluster [cluster-ClusterId{value='634800d657fd667ed4f998cf', description='null'}-srv-cluster0.gjyykwi.mongodb.net] Adding discovered server ac-tbaf2rn-shard-00-00.gjyykwi.mongodb.net:27017 to client view of cluster
2022-10-13 17:43:10,677 INFO org.mongodb.driver.cluster [cluster-ClusterId{value='634800d657fd667ed4f998cf', description='null'}-srv-cluster0.gjyykwi.mongodb.net] Adding discovered server ac-tbaf2rn-shard-00-01.gjyykwi.mongodb.net:27017 to client view of cluster
2022-10-13 17:43:10,678 INFO org.mongodb.driver.cluster [cluster-ClusterId{value='634800d657fd667ed4f998cf', description='null'}-srv-cluster0.gjyykwi.mongodb.net] Adding discovered server ac-tbaf2rn-shard-00-02.gjyykwi.mongodb.net:27017 to client view of cluster
2022-10-13 17:43:10,695 INFO com.todo.Todos.TodosApplication [restartedMain] Started TodosApplication in 1.447 seconds (JVM running for 1.849)
2022-10-13 17:43:10,937 INFO org.mongodb.driver.connection [cluster-rtt-ClusterId{value='634800d657fd667ed4f998cf', description='null'}-ac-tbaf2rn-shard-00-02.gjyykwi.mongodb.net:27017] Opened connection [connectionId{localValue:3, serverValue:220260}] to ac-tbaf2rn-shard-00-02.gjyykwi.mongodb.net:27017
2022-10-13 17:43:10,937 INFO org.mongodb.driver.connection [cluster-ClusterId{value='634800d657fd667ed4f998cf', description='null'}-ac-tbaf2rn-shard-00-01.gjyykwi.mongodb.net:27017] Opened connection [connectionId{localValue:6, serverValue:207254}] to ac-tbaf2rn-shard-00-01.gjyykwi.mongodb.net:27017
2022-10-13 17:43:10,937 INFO org.mongodb.driver.connection [cluster-rtt-ClusterId{value='634800d657fd667ed4f998cf', description='null'}-ac-tbaf2rn-shard-00-00.gjyykwi.mongodb.net:27017] Opened connection [connectionId{localValue:1, serverValue:208356}] to ac-tbaf2rn-shard-00-00.gjyykwi.mongodb.net:27017
2022-10-13 17:43:10,937 INFO org.mongodb.driver.connection [cluster-rtt-ClusterId{value='634800d657fd667ed4f998cf', description='null'}-ac-tbaf2rn-shard-00-01.gjyykwi.mongodb.net:27017] Opened connection [connectionId{localValue:2, serverValue:207254}] to ac-tbaf2rn-shard-00-01.gjyykwi.mongodb.net:27017
2022-10-13 17:43:10,937 INFO org.mongodb.driver.connection [cluster-ClusterId{value='634800d657fd667ed4f998cf', description='null'}-ac-tbaf2rn-shard-00-00.gjyykwi.mongodb.net:27017] Opened connection [connectionId{localValue:4, serverValue:208357}] to ac-tbaf2rn-shard-00-00.gjyykwi.mongodb.net:27017
2022-10-13 17:43:10,937 INFO org.mongodb.driver.connection [cluster-ClusterId{value='634800d657fd667ed4f998cf', description='null'}-ac-tbaf2rn-shard-00-02.gjyykwi.mongodb.net:27017] Opened connection [connectionId{localValue:5, serverValue:220260}] to ac-tbaf2rn-shard-00-02.gjyykwi.mongodb.net:27017
2022-10-13 17:43:10,937 INFO org.mongodb.driver.cluster [cluster-ClusterId{value='634800d657fd667ed4f998cf', description='null'}-ac-tbaf2rn-shard-00-01.gjyykwi.mongodb.net:27017] Monitor thread successfully connected to server with description ServerDescription{address=ac-tbaf2rn-shard-00-01.gjyykwi.mongodb.net:27017, type=REPLICA_SET_SECONDARY, state=CONNECTED, ok=true, minWireVersion=0, maxWireVersion=13, maxDocumentSize=16777216, logicalSessionTimeoutMinutes=30, roundTripTimeNanos=140175700, setName='atlas-b8xotm-shard-0', canonicalAddress=ac-tbaf2rn-shard-00-01.gjyykwi.mongodb.net:27017, hosts=[ac-tbaf2rn-shard-00-00.gjyykwi.mongodb.net:27017, ac-tbaf2rn-shard-00-01.gjyykwi.mongodb.net:27017, ac-tbaf2rn-shard-00-02.gjyykwi.mongodb.net:27017], passives=[], arbiters=[], primary='ac-tbaf2rn-shard-00-02.gjyykwi.mongodb.net:27017', tagSet=TagSet{[Tag{name='nodeType', value='ELECTABLE'}, Tag{name='provider', value='AWS'}, Tag{name='region', value='AP_SOUTH_1'}, Tag{name='workloadType', value='OPERATIONAL'}]}, electionId=null, setVersion=4, topologyVersion=TopologyVersion{processId=633fffd53e8f432f7af5e5e4, counter=3}, lastWriteDate=Thu Oct 13 17:43:10 IST 2022, lastUpdateTimeNanos=194924220852500}
2022-10-13 17:43:10,937 INFO org.mongodb.driver.cluster [cluster-ClusterId{value='634800d657fd667ed4f998cf', description='null'}-ac-tbaf2rn-shard-00-00.gjyykwi.mongodb.net:27017] Monitor thread successfully connected to server with description ServerDescription{address=ac-tbaf2rn-shard-00-00.gjyykwi.mongodb.net:27017, type=REPLICA_SET_SECONDARY, state=CONNECTED, ok=true, minWireVersion=0, maxWireVersion=13, maxDocumentSize=16777216, logicalSessionTimeoutMinutes=30, roundTripTimeNanos=142127200, setName='atlas-b8xotm-shard-0', canonicalAddress=ac-tbaf2rn-shard-00-00.gjyykwi.mongodb.net:27017, hosts=[ac-tbaf2rn-shard-00-00.gjyykwi.mongodb.net:27017, ac-tbaf2rn-shard-00-01.gjyykwi.mongodb.net:27017, ac-tbaf2rn-shard-00-02.gjyykwi.mongodb.net:27017], passives=[], arbiters=[], primary='ac-tbaf2rn-shard-00-02.gjyykwi.mongodb.net:27017', tagSet=TagSet{[Tag{name='nodeType', value='ELECTABLE'}, Tag{name='provider', value='AWS'}, Tag{name='region', value='AP_SOUTH_1'}, Tag{name='workloadType', value='OPERATIONAL'}]}, electionId=null, setVersion=4, topologyVersion=TopologyVersion{processId=633ffd6787a96d2a8f77e831, counter=4}, lastWriteDate=Thu Oct 13 17:43:10 IST 2022, lastUpdateTimeNanos=194924220852600}
2022-10-13 17:43:10,937 INFO org.mongodb.driver.cluster [cluster-ClusterId{value='634800d657fd667ed4f998cf', description='null'}-ac-tbaf2rn-shard-00-02.gjyykwi.mongodb.net:27017] Monitor thread successfully connected to server with description ServerDescription{address=ac-tbaf2rn-shard-00-02.gjyykwi.mongodb.net:27017, type=REPLICA_SET_PRIMARY, state=CONNECTED, ok=true, minWireVersion=0, maxWireVersion=13, maxDocumentSize=16777216, logicalSessionTimeoutMinutes=30, roundTripTimeNanos=143289200, setName='atlas-b8xotm-shard-0', canonicalAddress=ac-tbaf2rn-shard-00-02.gjyykwi.mongodb.net:27017, hosts=[ac-tbaf2rn-shard-00-00.gjyykwi.mongodb.net:27017, ac-tbaf2rn-shard-00-01.gjyykwi.mongodb.net:27017, ac-tbaf2rn-shard-00-02.gjyykwi.mongodb.net:27017], passives=[], arbiters=[], primary='ac-tbaf2rn-shard-00-02.gjyykwi.mongodb.net:27017', tagSet=TagSet{[Tag{name='nodeType', value='ELECTABLE'}, Tag{name='provider', value='AWS'}, Tag{name='region', value='AP_SOUTH_1'}, Tag{name='workloadType', value='OPERATIONAL'}]}, electionId=7fffffff0000000000000074, setVersion=4, topologyVersion=TopologyVersion{processId=633ffe8722fe89ac04e03108, counter=6}, lastWriteDate=Thu Oct 13 17:43:10 IST 2022, lastUpdateTimeNanos=194924220852600}
2022-10-13 17:43:10,939 INFO org.mongodb.driver.cluster [cluster-ClusterId{value='634800d657fd667ed4f998cf', description='null'}-ac-tbaf2rn-shard-00-02.gjyykwi.mongodb.net:27017] Setting max election id to 7fffffff0000000000000074 from replica set primary ac-tbaf2rn-shard-00-02.gjyykwi.mongodb.net:27017
2022-10-13 17:43:10,939 INFO org.mongodb.driver.cluster [cluster-ClusterId{value='634800d657fd667ed4f998cf', description='null'}-ac-tbaf2rn-shard-00-02.gjyykwi.mongodb.net:27017] Setting max set version to 4 from replica set primary ac-tbaf2rn-shard-00-02.gjyykwi.mongodb.net:27017
2022-10-13 17:43:10,939 INFO org.mongodb.driver.cluster [cluster-ClusterId{value='634800d657fd667ed4f998cf', description='null'}-ac-tbaf2rn-shard-00-02.gjyykwi.mongodb.net:27017] Discovered replica set primary ac-tbaf2rn-shard-00-02.gjyykwi.mongodb.net:27017
2022-10-13 17:43:50,309 INFO org.apache.catalina.core.ContainerBase.[Tomcat].[localhost].[/] [http-nio-8080-exec-2] Initializing Spring DispatcherServlet 'dispatcherServlet'
2022-10-13 17:43:50,321 INFO com.todo.Todos.controller.Controller [http-nio-8080-exec-2] Entered getmapping
2022-10-13 17:43:50,562 INFO org.mongodb.driver.connection [http-nio-8080-exec-2] Opened connection [connectionId{localValue:7, serverValue:220247}] to ac-tbaf2rn-shard-00-02.gjyykwi.mongodb.net:27017
2022-10-13 17:45:30,533 INFO org.apache.catalina.core.StandardService [Thread-5] Stopping service [Tomcat]
2022-10-13 17:45:30,534 INFO org.apache.catalina.core.ContainerBase.[Tomcat].[localhost].[/] [Thread-5] Destroying Spring FrameworkServlet 'dispatcherServlet'
2022-10-13 17:45:30,708 INFO com.todo.Todos.TodosApplication [restartedMain] Starting TodosApplication using Java 17.0.3 on DESKTOP-OQL0VOD with PID 14564 (E:\Spring_practise\Spring-API-\target\classes started by BRANE - LAB in E:\Spring_practise\Spring-API-)
2022-10-13 17:45:30,708 INFO com.todo.Todos.TodosApplication [restartedMain] No active profile set, falling back to 1 default profile: "default"
2022-10-13 17:45:30,805 INFO org.apache.catalina.core.StandardService [restartedMain] Starting service [Tomcat]
2022-10-13 17:45:30,806 INFO org.apache.catalina.core.StandardEngine [restartedMain] Starting Servlet engine: [Apache Tomcat/9.0.65]
2022-10-13 17:45:30,814 INFO org.apache.catalina.core.ContainerBase.[Tomcat].[localhost].[/] [restartedMain] Initializing Spring embedded WebApplicationContext
2022-10-13 17:45:30,855 INFO org.mongodb.driver.client [restartedMain] MongoClient with metadata {"driver": {"name": "mongo-java-driver|sync|spring-boot", "version": "4.6.1"}, "os": {"type": "Windows", "name": "Windows 10", "architecture": "amd64", "version": "10.0"}, "platform": "Java/Eclipse Adoptium/17.0.3+7"} created with settings MongoClientSettings{readPreference=primary, writeConcern=WriteConcern{w=majority, wTimeout=null ms, journal=null}, retryWrites=true, retryReads=true, readConcern=ReadConcern{level=null}, credential=MongoCredential{mechanism=null, userName='testuser', source='admin', password=<hidden>, mechanismProperties=<hidden>}, streamFactoryFactory=null, commandListeners=[], codecRegistry=ProvidersCodecRegistry{codecProviders=[ValueCodecProvider{}, BsonValueCodecProvider{}, DBRefCodecProvider{}, DBObjectCodecProvider{}, DocumentCodecProvider{}, IterableCodecProvider{}, MapCodecProvider{}, GeoJsonCodecProvider{}, GridFSFileCodecProvider{}, Jsr310CodecProvider{}, JsonObjectCodecProvider{}, BsonCodecProvider{}, EnumCodecProvider{}, com.mongodb.Jep395RecordCodecProvider@1aaf2304]}, clusterSettings={hosts=[127.0.0.1:27017], srvHost=cluster0.gjyykwi.mongodb.net, srvServiceName=mongodb, mode=MULTIPLE, requiredClusterType=REPLICA_SET, requiredReplicaSetName='atlas-b8xotm-shard-0', serverSelector='null', clusterListeners='[]', serverSelectionTimeout='30000 ms', localThreshold='30000 ms'}, socketSettings=SocketSettings{connectTimeoutMS=10000, readTimeoutMS=0, receiveBufferSize=0, sendBufferSize=0}, heartbeatSocketSettings=SocketSettings{connectTimeoutMS=10000, readTimeoutMS=10000, receiveBufferSize=0, sendBufferSize=0}, connectionPoolSettings=ConnectionPoolSettings{maxSize=100, minSize=0, maxWaitTimeMS=120000, maxConnectionLifeTimeMS=0, maxConnectionIdleTimeMS=0, maintenanceInitialDelayMS=0, maintenanceFrequencyMS=60000, connectionPoolListeners=[], maxConnecting=2}, serverSettings=ServerSettings{heartbeatFrequencyMS=10000, minHeartbeatFrequencyMS=500, serverListeners='[]', serverMonitorListeners='[]'}, sslSettings=SslSettings{enabled=true, invalidHostNameAllowed=false, context=null}, applicationName='null', compressorList=[], uuidRepresentation=JAVA_LEGACY, serverApi=null, autoEncryptionSettings=null, contextProvider=null}
2022-10-13 17:45:30,909 INFO com.todo.Todos.TodosApplication [restartedMain] Started TodosApplication in 0.214 seconds (JVM running for 142.062)
2022-10-13 17:45:31,282 INFO org.mongodb.driver.cluster [cluster-ClusterId{value='6348016257fd667ed4f998d0', description='null'}-srv-cluster0.gjyykwi.mongodb.net] Adding discovered server ac-tbaf2rn-shard-00-00.gjyykwi.mongodb.net:27017 to client view of cluster
2022-10-13 17:45:31,283 INFO org.mongodb.driver.cluster [cluster-ClusterId{value='6348016257fd667ed4f998d0', description='null'}-srv-cluster0.gjyykwi.mongodb.net] Adding discovered server ac-tbaf2rn-shard-00-01.gjyykwi.mongodb.net:27017 to client view of cluster
2022-10-13 17:45:31,283 INFO org.mongodb.driver.cluster [cluster-ClusterId{value='6348016257fd667ed4f998d0', description='null'}-srv-cluster0.gjyykwi.mongodb.net] Adding discovered server ac-tbaf2rn-shard-00-02.gjyykwi.mongodb.net:27017 to client view of cluster
2022-10-13 17:45:31,365 INFO org.mongodb.driver.connection [cluster-rtt-ClusterId{value='6348016257fd667ed4f998d0', description='null'}-ac-tbaf2rn-shard-00-00.gjyykwi.mongodb.net:27017] Opened connection [connectionId{localValue:9, serverValue:208388}] to ac-tbaf2rn-shard-00-00.gjyykwi.mongodb.net:27017
2022-10-13 17:45:31,371 INFO org.mongodb.driver.connection [cluster-rtt-ClusterId{value='6348016257fd667ed4f998d0', description='null'}-ac-tbaf2rn-shard-00-02.gjyykwi.mongodb.net:27017] Opened connection [connectionId{localValue:12, serverValue:220229}] to ac-tbaf2rn-shard-00-02.gjyykwi.mongodb.net:27017
2022-10-13 17:45:31,371 INFO org.mongodb.driver.connection [cluster-ClusterId{value='6348016257fd667ed4f998d0', description='null'}-ac-tbaf2rn-shard-00-01.gjyykwi.mongodb.net:27017] Opened connection [connectionId{localValue:10, serverValue:207325}] to ac-tbaf2rn-shard-00-01.gjyykwi.mongodb.net:27017
2022-10-13 17:45:31,371 INFO org.mongodb.driver.cluster [cluster-ClusterId{value='6348016257fd667ed4f998d0', description='null'}-ac-tbaf2rn-shard-00-01.gjyykwi.mongodb.net:27017] Monitor thread successfully connected to server with description ServerDescription{address=ac-tbaf2rn-shard-00-01.gjyykwi.mongodb.net:27017, type=REPLICA_SET_SECONDARY, state=CONNECTED, ok=true, minWireVersion=0, maxWireVersion=13, maxDocumentSize=16777216, logicalSessionTimeoutMinutes=30, roundTripTimeNanos=59384400, setName='atlas-b8xotm-shard-0', canonicalAddress=ac-tbaf2rn-shard-00-01.gjyykwi.mongodb.net:27017, hosts=[ac-tbaf2rn-shard-00-00.gjyykwi.mongodb.net:27017, ac-tbaf2rn-shard-00-01.gjyykwi.mongodb.net:27017, ac-tbaf2rn-shard-00-02.gjyykwi.mongodb.net:27017], passives=[], arbiters=[], primary='ac-tbaf2rn-shard-00-02.gjyykwi.mongodb.net:27017', tagSet=TagSet{[Tag{name='nodeType', value='ELECTABLE'}, Tag{name='provider', value='AWS'}, Tag{name='region', value='AP_SOUTH_1'}, Tag{name='workloadType', value='OPERATIONAL'}]}, electionId=null, setVersion=4, topologyVersion=TopologyVersion{processId=633fffd53e8f432f7af5e5e4, counter=3}, lastWriteDate=Thu Oct 13 17:45:31 IST 2022, lastUpdateTimeNanos=195064654969100}
2022-10-13 17:45:31,387 INFO org.mongodb.driver.connection [cluster-ClusterId{value='6348016257fd667ed4f998d0', description='null'}-ac-tbaf2rn-shard-00-00.gjyykwi.mongodb.net:27017] Opened connection [connectionId{localValue:8, serverValue:208388}] to ac-tbaf2rn-shard-00-00.gjyykwi.mongodb.net:27017
2022-10-13 17:45:31,387 INFO org.mongodb.driver.cluster [cluster-ClusterId{value='6348016257fd667ed4f998d0', description='null'}-ac-tbaf2rn-shard-00-00.gjyykwi.mongodb.net:27017] Monitor thread successfully connected to server with description ServerDescription{address=ac-tbaf2rn-shard-00-00.gjyykwi.mongodb.net:27017, type=REPLICA_SET_SECONDARY, state=CONNECTED, ok=true, minWireVersion=0, maxWireVersion=13, maxDocumentSize=16777216, logicalSessionTimeoutMinutes=30, roundTripTimeNanos=77243000, setName='atlas-b8xotm-shard-0', canonicalAddress=ac-tbaf2rn-shard-00-00.gjyykwi.mongodb.net:27017, hosts=[ac-tbaf2rn-shard-00-00.gjyykwi.mongodb.net:27017, ac-tbaf2rn-shard-00-01.gjyykwi.mongodb.net:27017, ac-tbaf2rn-shard-00-02.gjyykwi.mongodb.net:27017], passives=[], arbiters=[], primary='ac-tbaf2rn-shard-00-02.gjyykwi.mongodb.net:27017', tagSet=TagSet{[Tag{name='nodeType', value='ELECTABLE'}, Tag{name='provider', value='AWS'}, Tag{name='region', value='AP_SOUTH_1'}, Tag{name='workloadType', value='OPERATIONAL'}]}, electionId=null, setVersion=4, topologyVersion=TopologyVersion{processId=633ffd6787a96d2a8f77e831, counter=4}, lastWriteDate=Thu Oct 13 17:45:31 IST 2022, lastUpdateTimeNanos=195064671431600}
2022-10-13 17:45:31,390 INFO org.mongodb.driver.connection [cluster-ClusterId{value='6348016257fd667ed4f998d0', description='null'}-ac-tbaf2rn-shard-00-02.gjyykwi.mongodb.net:27017] Opened connection [connectionId{localValue:13, serverValue:220229}] to ac-tbaf2rn-shard-00-02.gjyykwi.mongodb.net:27017
2022-10-13 17:45:31,390 INFO org.mongodb.driver.cluster [cluster-ClusterId{value='6348016257fd667ed4f998d0', description='null'}-ac-tbaf2rn-shard-00-02.gjyykwi.mongodb.net:27017] Monitor thread successfully connected to server with description ServerDescription{address=ac-tbaf2rn-shard-00-02.gjyykwi.mongodb.net:27017, type=REPLICA_SET_PRIMARY, state=CONNECTED, ok=true, minWireVersion=0, maxWireVersion=13, maxDocumentSize=16777216, logicalSessionTimeoutMinutes=30, roundTripTimeNanos=75405500, setName='atlas-b8xotm-shard-0', canonicalAddress=ac-tbaf2rn-shard-00-02.gjyykwi.mongodb.net:27017, hosts=[ac-tbaf2rn-shard-00-00.gjyykwi.mongodb.net:27017, ac-tbaf2rn-shard-00-01.gjyykwi.mongodb.net:27017, ac-tbaf2rn-shard-00-02.gjyykwi.mongodb.net:27017], passives=[], arbiters=[], primary='ac-tbaf2rn-shard-00-02.gjyykwi.mongodb.net:27017', tagSet=TagSet{[Tag{name='nodeType', value='ELECTABLE'}, Tag{name='provider', value='AWS'}, Tag{name='region', value='AP_SOUTH_1'}, Tag{name='workloadType', value='OPERATIONAL'}]}, electionId=7fffffff0000000000000074, setVersion=4, topologyVersion=TopologyVersion{processId=633ffe8722fe89ac04e03108, counter=6}, lastWriteDate=Thu Oct 13 17:45:31 IST 2022, lastUpdateTimeNanos=195064673644200}
2022-10-13 17:45:31,390 INFO org.mongodb.driver.cluster [cluster-ClusterId{value='6348016257fd667ed4f998d0', description='null'}-ac-tbaf2rn-shard-00-02.gjyykwi.mongodb.net:27017] Setting max election id to 7fffffff0000000000000074 from replica set primary ac-tbaf2rn-shard-00-02.gjyykwi.mongodb.net:27017
2022-10-13 17:45:31,390 INFO org.mongodb.driver.cluster [cluster-ClusterId{value='6348016257fd667ed4f998d0', description='null'}-ac-tbaf2rn-shard-00-02.gjyykwi.mongodb.net:27017] Setting max set version to 4 from replica set primary ac-tbaf2rn-shard-00-02.gjyykwi.mongodb.net:27017
2022-10-13 17:45:31,390 INFO org.mongodb.driver.cluster [cluster-ClusterId{value='6348016257fd667ed4f998d0', description='null'}-ac-tbaf2rn-shard-00-02.gjyykwi.mongodb.net:27017] Discovered replica set primary ac-tbaf2rn-shard-00-02.gjyykwi.mongodb.net:27017
2022-10-13 17:45:31,397 INFO org.mongodb.driver.connection [cluster-rtt-ClusterId{value='6348016257fd667ed4f998d0', description='null'}-ac-tbaf2rn-shard-00-01.gjyykwi.mongodb.net:27017] Opened connection [connectionId{localValue:11, serverValue:207327}] to ac-tbaf2rn-shard-00-01.gjyykwi.mongodb.net:27017
2022-10-13 17:45:31,685 INFO org.apache.catalina.core.ContainerBase.[Tomcat].[localhost].[/] [http-nio-8080-exec-2] Initializing Spring DispatcherServlet 'dispatcherServlet'
2022-10-13 17:45:31,686 INFO com.todo.Todos.controller.Controller [http-nio-8080-exec-2] Entered getmapping
2022-10-13 17:45:31,827 INFO org.mongodb.driver.connection [http-nio-8080-exec-2] Opened connection [connectionId{localValue:14, serverValue:220234}] to ac-tbaf2rn-shard-00-02.gjyykwi.mongodb.net:27017
2022-10-13 17:45:31,859 INFO com.todo.Todos.controller.Controller [http-nio-8080-exec-2] Got object [com.todo.Todos.model.Todo@5ba8947, com.todo.Todos.model.Todo@74544236, com.todo.Todos.model.Todo@3db12938]
2022-10-13 17:45:32,338 INFO org.apache.catalina.core.StandardService [Thread-8] Stopping service [Tomcat]
2022-10-13 17:45:32,338 INFO org.apache.catalina.core.ContainerBase.[Tomcat].[localhost].[/] [Thread-8] Destroying Spring FrameworkServlet 'dispatcherServlet'
2022-10-13 17:45:32,507 INFO com.todo.Todos.TodosApplication [restartedMain] Starting TodosApplication using Java 17.0.3 on DESKTOP-OQL0VOD with PID 14564 (E:\Spring_practise\Spring-API-\target\classes started by BRANE - LAB in E:\Spring_practise\Spring-API-)
2022-10-13 17:45:32,507 INFO com.todo.Todos.TodosApplication [restartedMain] No active profile set, falling back to 1 default profile: "default"
2022-10-13 17:45:32,586 INFO org.apache.catalina.core.StandardService [restartedMain] Starting service [Tomcat]
2022-10-13 17:45:32,586 INFO org.apache.catalina.core.StandardEngine [restartedMain] Starting Servlet engine: [Apache Tomcat/9.0.65]
2022-10-13 17:45:32,593 INFO org.apache.catalina.core.ContainerBase.[Tomcat].[localhost].[/] [restartedMain] Initializing Spring embedded WebApplicationContext
2022-10-13 17:45:32,602 INFO org.mongodb.driver.client [restartedMain] MongoClient with metadata {"driver": {"name": "mongo-java-driver|sync|spring-boot", "version": "4.6.1"}, "os": {"type": "Windows", "name": "Windows 10", "architecture": "amd64", "version": "10.0"}, "platform": "Java/Eclipse Adoptium/17.0.3+7"} created with settings MongoClientSettings{readPreference=primary, writeConcern=WriteConcern{w=majority, wTimeout=null ms, journal=null}, retryWrites=true, retryReads=true, readConcern=ReadConcern{level=null}, credential=MongoCredential{mechanism=null, userName='testuser', source='admin', password=<hidden>, mechanismProperties=<hidden>}, streamFactoryFactory=null, commandListeners=[], codecRegistry=ProvidersCodecRegistry{codecProviders=[ValueCodecProvider{}, BsonValueCodecProvider{}, DBRefCodecProvider{}, DBObjectCodecProvider{}, DocumentCodecProvider{}, IterableCodecProvider{}, MapCodecProvider{}, GeoJsonCodecProvider{}, GridFSFileCodecProvider{}, Jsr310CodecProvider{}, JsonObjectCodecProvider{}, BsonCodecProvider{}, EnumCodecProvider{}, com.mongodb.Jep395RecordCodecProvider@1aaf2304]}, clusterSettings={hosts=[127.0.0.1:27017], srvHost=cluster0.gjyykwi.mongodb.net, srvServiceName=mongodb, mode=MULTIPLE, requiredClusterType=REPLICA_SET, requiredReplicaSetName='atlas-b8xotm-shard-0', serverSelector='null', clusterListeners='[]', serverSelectionTimeout='30000 ms', localThreshold='30000 ms'}, socketSettings=SocketSettings{connectTimeoutMS=10000, readTimeoutMS=0, receiveBufferSize=0, sendBufferSize=0}, heartbeatSocketSettings=SocketSettings{connectTimeoutMS=10000, readTimeoutMS=10000, receiveBufferSize=0, sendBufferSize=0}, connectionPoolSettings=ConnectionPoolSettings{maxSize=100, minSize=0, maxWaitTimeMS=120000, maxConnectionLifeTimeMS=0, maxConnectionIdleTimeMS=0, maintenanceInitialDelayMS=0, maintenanceFrequencyMS=60000, connectionPoolListeners=[], maxConnecting=2}, serverSettings=ServerSettings{heartbeatFrequencyMS=10000, minHeartbeatFrequencyMS=500, serverListeners='[]', serverMonitorListeners='[]'}, sslSettings=SslSettings{enabled=true, invalidHostNameAllowed=false, context=null}, applicationName='null', compressorList=[], uuidRepresentation=JAVA_LEGACY, serverApi=null, autoEncryptionSettings=null, contextProvider=null}
2022-10-13 17:45:32,648 INFO com.todo.Todos.TodosApplication [restartedMain] Started TodosApplication in 0.152 seconds (JVM running for 143.801)
2022-10-13 17:45:32,968 INFO org.mongodb.driver.cluster [cluster-ClusterId{value='6348016457fd667ed4f998d1', description='null'}-srv-cluster0.gjyykwi.mongodb.net] Adding discovered server ac-tbaf2rn-shard-00-00.gjyykwi.mongodb.net:27017 to client view of cluster
2022-10-13 17:45:32,969 INFO org.mongodb.driver.cluster [cluster-ClusterId{value='6348016457fd667ed4f998d1', description='null'}-srv-cluster0.gjyykwi.mongodb.net] Adding discovered server ac-tbaf2rn-shard-00-01.gjyykwi.mongodb.net:27017 to client view of cluster
2022-10-13 17:45:32,969 INFO org.mongodb.driver.cluster [cluster-ClusterId{value='6348016457fd667ed4f998d1', description='null'}-srv-cluster0.gjyykwi.mongodb.net] Adding discovered server ac-tbaf2rn-shard-00-02.gjyykwi.mongodb.net:27017 to client view of cluster
2022-10-13 17:45:33,046 INFO org.mongodb.driver.connection [cluster-rtt-ClusterId{value='6348016457fd667ed4f998d1', description='null'}-ac-tbaf2rn-shard-00-00.gjyykwi.mongodb.net:27017] Opened connection [connectionId{localValue:16, serverValue:208384}] to ac-tbaf2rn-shard-00-00.gjyykwi.mongodb.net:27017
2022-10-13 17:45:33,047 INFO org.mongodb.driver.connection [cluster-rtt-ClusterId{value='6348016457fd667ed4f998d1', description='null'}-ac-tbaf2rn-shard-00-01.gjyykwi.mongodb.net:27017] Opened connection [connectionId{localValue:18, serverValue:207325}] to ac-tbaf2rn-shard-00-01.gjyykwi.mongodb.net:27017
2022-10-13 17:45:33,055 INFO org.mongodb.driver.connection [cluster-rtt-ClusterId{value='6348016457fd667ed4f998d1', description='null'}-ac-tbaf2rn-shard-00-02.gjyykwi.mongodb.net:27017] Opened connection [connectionId{localValue:20, serverValue:219970}] to ac-tbaf2rn-shard-00-02.gjyykwi.mongodb.net:27017
2022-10-13 17:45:33,069 INFO org.mongodb.driver.connection [cluster-ClusterId{value='6348016457fd667ed4f998d1', description='null'}-ac-tbaf2rn-shard-00-00.gjyykwi.mongodb.net:27017] Opened connection [connectionId{localValue:15, serverValue:208384}] to ac-tbaf2rn-shard-00-00.gjyykwi.mongodb.net:27017
2022-10-13 17:45:33,069 INFO org.mongodb.driver.cluster [cluster-ClusterId{value='6348016457fd667ed4f998d1', description='null'}-ac-tbaf2rn-shard-00-00.gjyykwi.mongodb.net:27017] Monitor thread successfully connected to server with description ServerDescription{address=ac-tbaf2rn-shard-00-00.gjyykwi.mongodb.net:27017, type=REPLICA_SET_SECONDARY, state=CONNECTED, ok=true, minWireVersion=0, maxWireVersion=13, maxDocumentSize=16777216, logicalSessionTimeoutMinutes=30, roundTripTimeNanos=72320200, setName='atlas-b8xotm-shard-0', canonicalAddress=ac-tbaf2rn-shard-00-00.gjyykwi.mongodb.net:27017, hosts=[ac-tbaf2rn-shard-00-00.gjyykwi.mongodb.net:27017, ac-tbaf2rn-shard-00-01.gjyykwi.mongodb.net:27017, ac-tbaf2rn-shard-00-02.gjyykwi.mongodb.net:27017], passives=[], arbiters=[], primary='ac-tbaf2rn-shard-00-02.gjyykwi.mongodb.net:27017', tagSet=TagSet{[Tag{name='nodeType', value='ELECTABLE'}, Tag{name='provider', value='AWS'}, Tag{name='region', value='AP_SOUTH_1'}, Tag{name='workloadType', value='OPERATIONAL'}]}, electionId=null, setVersion=4, topologyVersion=TopologyVersion{processId=633ffd6787a96d2a8f77e831, counter=4}, lastWriteDate=Thu Oct 13 17:45:33 IST 2022, lastUpdateTimeNanos=195066353561300}
2022-10-13 17:45:33,070 INFO org.mongodb.driver.connection [cluster-ClusterId{value='6348016457fd667ed4f998d1', description='null'}-ac-tbaf2rn-shard-00-01.gjyykwi.mongodb.net:27017] Opened connection [connectionId{localValue:17, serverValue:207325}] to ac-tbaf2rn-shard-00-01.gjyykwi.mongodb.net:27017
2022-10-13 17:45:33,070 INFO org.mongodb.driver.cluster [cluster-ClusterId{value='6348016457fd667ed4f998d1', description='null'}-ac-tbaf2rn-shard-00-01.gjyykwi.mongodb.net:27017] Monitor thread successfully connected to server with description ServerDescription{address=ac-tbaf2rn-shard-00-01.gjyykwi.mongodb.net:27017, type=REPLICA_SET_SECONDARY, state=CONNECTED, ok=true, minWireVersion=0, maxWireVersion=13, maxDocumentSize=16777216, logicalSessionTimeoutMinutes=30, roundTripTimeNanos=71939700, setName='atlas-b8xotm-shard-0', canonicalAddress=ac-tbaf2rn-shard-00-01.gjyykwi.mongodb.net:27017, hosts=[ac-tbaf2rn-shard-00-00.gjyykwi.mongodb.net:27017, ac-tbaf2rn-shard-00-01.gjyykwi.mongodb.net:27017, ac-tbaf2rn-shard-00-02.gjyykwi.mongodb.net:27017], passives=[], arbiters=[], primary='ac-tbaf2rn-shard-00-02.gjyykwi.mongodb.net:27017', tagSet=TagSet{[Tag{name='nodeType', value='ELECTABLE'}, Tag{name='provider', value='AWS'}, Tag{name='region', value='AP_SOUTH_1'}, Tag{name='workloadType', value='OPERATIONAL'}]}, electionId=null, setVersion=4, topologyVersion=TopologyVersion{processId=633fffd53e8f432f7af5e5e4, counter=3}, lastWriteDate=Thu Oct 13 17:45:33 IST 2022, lastUpdateTimeNanos=195066354102200}
2022-10-13 17:45:33,070 INFO org.mongodb.driver.connection [cluster-ClusterId{value='6348016457fd667ed4f998d1', description='null'}-ac-tbaf2rn-shard-00-02.gjyykwi.mongodb.net:27017] Opened connection [connectionId{localValue:19, serverValue:219970}] to ac-tbaf2rn-shard-00-02.gjyykwi.mongodb.net:27017
2022-10-13 17:45:33,070 INFO org.mongodb.driver.cluster [cluster-ClusterId{value='6348016457fd667ed4f998d1', description='null'}-ac-tbaf2rn-shard-00-02.gjyykwi.mongodb.net:27017] Monitor thread successfully connected to server with description ServerDescription{address=ac-tbaf2rn-shard-00-02.gjyykwi.mongodb.net:27017, type=REPLICA_SET_PRIMARY, state=CONNECTED, ok=true, minWireVersion=0, maxWireVersion=13, maxDocumentSize=16777216, logicalSessionTimeoutMinutes=30, roundTripTimeNanos=72513100, setName='atlas-b8xotm-shard-0', canonicalAddress=ac-tbaf2rn-shard-00-02.gjyykwi.mongodb.net:27017, hosts=[ac-tbaf2rn-shard-00-00.gjyykwi.mongodb.net:27017, ac-tbaf2rn-shard-00-01.gjyykwi.mongodb.net:27017, ac-tbaf2rn-shard-00-02.gjyykwi.mongodb.net:27017], passives=[], arbiters=[], primary='ac-tbaf2rn-shard-00-02.gjyykwi.mongodb.net:27017', tagSet=TagSet{[Tag{name='nodeType', value='ELECTABLE'}, Tag{name='provider', value='AWS'}, Tag{name='region', value='AP_SOUTH_1'}, Tag{name='workloadType', value='OPERATIONAL'}]}, electionId=7fffffff0000000000000074, setVersion=4, topologyVersion=TopologyVersion{processId=633ffe8722fe89ac04e03108, counter=6}, lastWriteDate=Thu Oct 13 17:45:33 IST 2022, lastUpdateTimeNanos=195066354675500}
2022-10-13 17:45:33,070 INFO org.mongodb.driver.cluster [cluster-ClusterId{value='6348016457fd667ed4f998d1', description='null'}-ac-tbaf2rn-shard-00-02.gjyykwi.mongodb.net:27017] Setting max election id to 7fffffff0000000000000074 from replica set primary ac-tbaf2rn-shard-00-02.gjyykwi.mongodb.net:27017
2022-10-13 17:45:33,071 INFO org.mongodb.driver.cluster [cluster-ClusterId{value='6348016457fd667ed4f998d1', description='null'}-ac-tbaf2rn-shard-00-02.gjyykwi.mongodb.net:27017] Setting max set version to 4 from replica set primary ac-tbaf2rn-shard-00-02.gjyykwi.mongodb.net:27017
2022-10-13 17:45:33,071 INFO org.mongodb.driver.cluster [cluster-ClusterId{value='6348016457fd667ed4f998d1', description='null'}-ac-tbaf2rn-shard-00-02.gjyykwi.mongodb.net:27017] Discovered replica set primary ac-tbaf2rn-shard-00-02.gjyykwi.mongodb.net:27017
2022-10-13 17:45:54,328 INFO org.apache.catalina.core.ContainerBase.[Tomcat].[localhost].[/] [http-nio-8080-exec-2] Initializing Spring DispatcherServlet 'dispatcherServlet'
2022-10-13 17:45:54,472 INFO org.mongodb.driver.connection [http-nio-8080-exec-2] Opened connection [connectionId{localValue:21, serverValue:220263}] to ac-tbaf2rn-shard-00-02.gjyykwi.mongodb.net:27017
2022-10-13 17:48:14,742 INFO org.apache.catalina.core.StandardService [Thread-12] Stopping service [Tomcat]
2022-10-13 17:48:14,742 INFO org.apache.catalina.core.ContainerBase.[Tomcat].[localhost].[/] [Thread-12] Destroying Spring FrameworkServlet 'dispatcherServlet'
2022-10-13 17:48:14,878 INFO com.todo.Todos.TodosApplication [restartedMain] Starting TodosApplication using Java 17.0.3 on DESKTOP-OQL0VOD with PID 14564 (E:\Spring_practise\Spring-API-\target\classes started by BRANE - LAB in E:\Spring_practise\Spring-API-)
2022-10-13 17:48:14,878 INFO com.todo.Todos.TodosApplication [restartedMain] No active profile set, falling back to 1 default profile: "default"
2022-10-13 17:48:14,953 INFO org.apache.catalina.core.StandardService [restartedMain] Starting service [Tomcat]
2022-10-13 17:48:14,953 INFO org.apache.catalina.core.StandardEngine [restartedMain] Starting Servlet engine: [Apache Tomcat/9.0.65]
2022-10-13 17:48:14,959 INFO org.apache.catalina.core.ContainerBase.[Tomcat].[localhost].[/] [restartedMain] Initializing Spring embedded WebApplicationContext
2022-10-13 17:48:14,963 INFO org.apache.catalina.core.StandardService [restartedMain] Stopping service [Tomcat]
2022-10-13 17:48:14,978 ERROR org.springframework.boot.SpringApplication [restartedMain] Application run failed
org.springframework.beans.factory.BeanCreationException: Error creating bean with name 'controller' defined in file [E:\Spring_practise\Spring-API-\target\classes\com\todo\Todos\controller\Controller.class]: Instantiation of bean failed; nested exception is org.springframework.beans.BeanInstantiationException: Failed to instantiate [com.todo.Todos.controller.Controller]: Constructor threw exception; nested exception is java.lang.Error: Unresolved compilation problems: 
	Syntax error on token "catch", Identifier expected
	Void methods cannot return a value
	Syntax error on token "}", delete this token

	at org.springframework.beans.factory.support.AbstractAutowireCapableBeanFactory.instantiateBean(AbstractAutowireCapableBeanFactory.java:1334) ~[spring-beans-5.3.23.jar:5.3.23]
	at org.springframework.beans.factory.support.AbstractAutowireCapableBeanFactory.createBeanInstance(AbstractAutowireCapableBeanFactory.java:1232) ~[spring-beans-5.3.23.jar:5.3.23]
	at org.springframework.beans.factory.support.AbstractAutowireCapableBeanFactory.doCreateBean(AbstractAutowireCapableBeanFactory.java:582) ~[spring-beans-5.3.23.jar:5.3.23]
	at org.springframework.beans.factory.support.AbstractAutowireCapableBeanFactory.createBean(AbstractAutowireCapableBeanFactory.java:542) ~[spring-beans-5.3.23.jar:5.3.23]
	at org.springframework.beans.factory.support.AbstractBeanFactory.lambda$doGetBean$0(AbstractBeanFactory.java:335) ~[spring-beans-5.3.23.jar:5.3.23]
	at org.springframework.beans.factory.support.DefaultSingletonBeanRegistry.getSingleton(DefaultSingletonBeanRegistry.java:234) ~[spring-beans-5.3.23.jar:5.3.23]
	at org.springframework.beans.factory.support.AbstractBeanFactory.doGetBean(AbstractBeanFactory.java:333) ~[spring-beans-5.3.23.jar:5.3.23]
	at org.springframework.beans.factory.support.AbstractBeanFactory.getBean(AbstractBeanFactory.java:208) ~[spring-beans-5.3.23.jar:5.3.23]
	at org.springframework.beans.factory.support.DefaultListableBeanFactory.preInstantiateSingletons(DefaultListableBeanFactory.java:955) ~[spring-beans-5.3.23.jar:5.3.23]
	at org.springframework.context.support.AbstractApplicationContext.finishBeanFactoryInitialization(AbstractApplicationContext.java:918) ~[spring-context-5.3.23.jar:5.3.23]
	at org.springframework.context.support.AbstractApplicationContext.refresh(AbstractApplicationContext.java:583) ~[spring-context-5.3.23.jar:5.3.23]
	at org.springframework.boot.web.servlet.context.ServletWebServerApplicationContext.refresh(ServletWebServerApplicationContext.java:147) ~[spring-boot-2.7.4.jar:2.7.4]
	at org.springframework.boot.SpringApplication.refresh(SpringApplication.java:734) ~[spring-boot-2.7.4.jar:2.7.4]
	at org.springframework.boot.SpringApplication.refreshContext(SpringApplication.java:408) ~[spring-boot-2.7.4.jar:2.7.4]
	at org.springframework.boot.SpringApplication.run(SpringApplication.java:308) ~[spring-boot-2.7.4.jar:2.7.4]
	at org.springframework.boot.SpringApplication.run(SpringApplication.java:1306) ~[spring-boot-2.7.4.jar:2.7.4]
	at org.springframework.boot.SpringApplication.run(SpringApplication.java:1295) ~[spring-boot-2.7.4.jar:2.7.4]
	at com.todo.Todos.TodosApplication.main(TodosApplication.java:10) ~[classes/:na]
	at java.base/jdk.internal.reflect.NativeMethodAccessorImpl.invoke0(Native Method) ~[na:na]
	at java.base/jdk.internal.reflect.NativeMethodAccessorImpl.invoke(NativeMethodAccessorImpl.java:77) ~[na:na]
	at java.base/jdk.internal.reflect.DelegatingMethodAccessorImpl.invoke(DelegatingMethodAccessorImpl.java:43) ~[na:na]
	at java.base/java.lang.reflect.Method.invoke(Method.java:568) ~[na:na]
	at org.springframework.boot.devtools.restart.RestartLauncher.run(RestartLauncher.java:49) ~[spring-boot-devtools-2.7.4.jar:2.7.4]
Caused by: org.springframework.beans.BeanInstantiationException: Failed to instantiate [com.todo.Todos.controller.Controller]: Constructor threw exception; nested exception is java.lang.Error: Unresolved compilation problems: 
	Syntax error on token "catch", Identifier expected
	Void methods cannot return a value
	Syntax error on token "}", delete this token

	at org.springframework.beans.BeanUtils.instantiateClass(BeanUtils.java:224) ~[spring-beans-5.3.23.jar:5.3.23]
	at org.springframework.beans.factory.support.SimpleInstantiationStrategy.instantiate(SimpleInstantiationStrategy.java:87) ~[spring-beans-5.3.23.jar:5.3.23]
	at org.springframework.beans.factory.support.AbstractAutowireCapableBeanFactory.instantiateBean(AbstractAutowireCapableBeanFactory.java:1326) ~[spring-beans-5.3.23.jar:5.3.23]
	... 22 common frames omitted
Caused by: java.lang.Error: Unresolved compilation problems: 
	Syntax error on token "catch", Identifier expected
	Void methods cannot return a value
	Syntax error on token "}", delete this token

	at com.todo.Todos.controller.Controller.<init>(Controller.java:113) ~[classes/:na]
	at java.base/jdk.internal.reflect.NativeConstructorAccessorImpl.newInstance0(Native Method) ~[na:na]
	at java.base/jdk.internal.reflect.NativeConstructorAccessorImpl.newInstance(NativeConstructorAccessorImpl.java:77) ~[na:na]
	at java.base/jdk.internal.reflect.DelegatingConstructorAccessorImpl.newInstance(DelegatingConstructorAccessorImpl.java:45) ~[na:na]
	at java.base/java.lang.reflect.Constructor.newInstanceWithCaller(Constructor.java:499) ~[na:na]
	at java.base/java.lang.reflect.Constructor.newInstance(Constructor.java:480) ~[na:na]
	at org.springframework.beans.BeanUtils.instantiateClass(BeanUtils.java:211) ~[spring-beans-5.3.23.jar:5.3.23]
	... 24 common frames omitted
2022-10-13 17:48:18,440 INFO com.todo.Todos.TodosApplication [restartedMain] Starting TodosApplication using Java 17.0.3 on DESKTOP-OQL0VOD with PID 14564 (E:\Spring_practise\Spring-API-\target\classes started by BRANE - LAB in E:\Spring_practise\Spring-API-)
2022-10-13 17:48:18,440 INFO com.todo.Todos.TodosApplication [restartedMain] No active profile set, falling back to 1 default profile: "default"
2022-10-13 17:48:18,510 INFO org.apache.catalina.core.StandardService [restartedMain] Starting service [Tomcat]
2022-10-13 17:48:18,510 INFO org.apache.catalina.core.StandardEngine [restartedMain] Starting Servlet engine: [Apache Tomcat/9.0.65]
2022-10-13 17:48:18,517 INFO org.apache.catalina.core.ContainerBase.[Tomcat-1].[localhost].[/] [restartedMain] Initializing Spring embedded WebApplicationContext
2022-10-13 17:48:18,569 INFO org.mongodb.driver.client [restartedMain] MongoClient with metadata {"driver": {"name": "mongo-java-driver|sync|spring-boot", "version": "4.6.1"}, "os": {"type": "Windows", "name": "Windows 10", "architecture": "amd64", "version": "10.0"}, "platform": "Java/Eclipse Adoptium/17.0.3+7"} created with settings MongoClientSettings{readPreference=primary, writeConcern=WriteConcern{w=majority, wTimeout=null ms, journal=null}, retryWrites=true, retryReads=true, readConcern=ReadConcern{level=null}, credential=MongoCredential{mechanism=null, userName='testuser', source='admin', password=<hidden>, mechanismProperties=<hidden>}, streamFactoryFactory=null, commandListeners=[], codecRegistry=ProvidersCodecRegistry{codecProviders=[ValueCodecProvider{}, BsonValueCodecProvider{}, DBRefCodecProvider{}, DBObjectCodecProvider{}, DocumentCodecProvider{}, IterableCodecProvider{}, MapCodecProvider{}, GeoJsonCodecProvider{}, GridFSFileCodecProvider{}, Jsr310CodecProvider{}, JsonObjectCodecProvider{}, BsonCodecProvider{}, EnumCodecProvider{}, com.mongodb.Jep395RecordCodecProvider@1aaf2304]}, clusterSettings={hosts=[127.0.0.1:27017], srvHost=cluster0.gjyykwi.mongodb.net, srvServiceName=mongodb, mode=MULTIPLE, requiredClusterType=REPLICA_SET, requiredReplicaSetName='atlas-b8xotm-shard-0', serverSelector='null', clusterListeners='[]', serverSelectionTimeout='30000 ms', localThreshold='30000 ms'}, socketSettings=SocketSettings{connectTimeoutMS=10000, readTimeoutMS=0, receiveBufferSize=0, sendBufferSize=0}, heartbeatSocketSettings=SocketSettings{connectTimeoutMS=10000, readTimeoutMS=10000, receiveBufferSize=0, sendBufferSize=0}, connectionPoolSettings=ConnectionPoolSettings{maxSize=100, minSize=0, maxWaitTimeMS=120000, maxConnectionLifeTimeMS=0, maxConnectionIdleTimeMS=0, maintenanceInitialDelayMS=0, maintenanceFrequencyMS=60000, connectionPoolListeners=[], maxConnecting=2}, serverSettings=ServerSettings{heartbeatFrequencyMS=10000, minHeartbeatFrequencyMS=500, serverListeners='[]', serverMonitorListeners='[]'}, sslSettings=SslSettings{enabled=true, invalidHostNameAllowed=false, context=null}, applicationName='null', compressorList=[], uuidRepresentation=JAVA_LEGACY, serverApi=null, autoEncryptionSettings=null, contextProvider=null}
2022-10-13 17:48:18,630 INFO com.todo.Todos.TodosApplication [restartedMain] Started TodosApplication in 0.202 seconds (JVM running for 309.783)
2022-10-13 17:48:19,017 INFO org.mongodb.driver.cluster [cluster-ClusterId{value='6348020a57fd667ed4f998d2', description='null'}-srv-cluster0.gjyykwi.mongodb.net] Adding discovered server ac-tbaf2rn-shard-00-00.gjyykwi.mongodb.net:27017 to client view of cluster
2022-10-13 17:48:19,017 INFO org.mongodb.driver.cluster [cluster-ClusterId{value='6348020a57fd667ed4f998d2', description='null'}-srv-cluster0.gjyykwi.mongodb.net] Adding discovered server ac-tbaf2rn-shard-00-01.gjyykwi.mongodb.net:27017 to client view of cluster
2022-10-13 17:48:19,018 INFO org.mongodb.driver.cluster [cluster-ClusterId{value='6348020a57fd667ed4f998d2', description='null'}-srv-cluster0.gjyykwi.mongodb.net] Adding discovered server ac-tbaf2rn-shard-00-02.gjyykwi.mongodb.net:27017 to client view of cluster
2022-10-13 17:48:19,099 INFO org.mongodb.driver.connection [cluster-ClusterId{value='6348020a57fd667ed4f998d2', description='null'}-ac-tbaf2rn-shard-00-02.gjyykwi.mongodb.net:27017] Opened connection [connectionId{localValue:26, serverValue:220248}] to ac-tbaf2rn-shard-00-02.gjyykwi.mongodb.net:27017
2022-10-13 17:48:19,099 INFO org.mongodb.driver.cluster [cluster-ClusterId{value='6348020a57fd667ed4f998d2', description='null'}-ac-tbaf2rn-shard-00-02.gjyykwi.mongodb.net:27017] Monitor thread successfully connected to server with description ServerDescription{address=ac-tbaf2rn-shard-00-02.gjyykwi.mongodb.net:27017, type=REPLICA_SET_PRIMARY, state=CONNECTED, ok=true, minWireVersion=0, maxWireVersion=13, maxDocumentSize=16777216, logicalSessionTimeoutMinutes=30, roundTripTimeNanos=51280700, setName='atlas-b8xotm-shard-0', canonicalAddress=ac-tbaf2rn-shard-00-02.gjyykwi.mongodb.net:27017, hosts=[ac-tbaf2rn-shard-00-00.gjyykwi.mongodb.net:27017, ac-tbaf2rn-shard-00-01.gjyykwi.mongodb.net:27017, ac-tbaf2rn-shard-00-02.gjyykwi.mongodb.net:27017], passives=[], arbiters=[], primary='ac-tbaf2rn-shard-00-02.gjyykwi.mongodb.net:27017', tagSet=TagSet{[Tag{name='nodeType', value='ELECTABLE'}, Tag{name='provider', value='AWS'}, Tag{name='region', value='AP_SOUTH_1'}, Tag{name='workloadType', value='OPERATIONAL'}]}, electionId=7fffffff0000000000000074, setVersion=4, topologyVersion=TopologyVersion{processId=633ffe8722fe89ac04e03108, counter=6}, lastWriteDate=Thu Oct 13 17:48:19 IST 2022, lastUpdateTimeNanos=195232382854400}
2022-10-13 17:48:19,100 INFO org.mongodb.driver.cluster [cluster-ClusterId{value='6348020a57fd667ed4f998d2', description='null'}-ac-tbaf2rn-shard-00-02.gjyykwi.mongodb.net:27017] Setting max election id to 7fffffff0000000000000074 from replica set primary ac-tbaf2rn-shard-00-02.gjyykwi.mongodb.net:27017
2022-10-13 17:48:19,100 INFO org.mongodb.driver.cluster [cluster-ClusterId{value='6348020a57fd667ed4f998d2', description='null'}-ac-tbaf2rn-shard-00-02.gjyykwi.mongodb.net:27017] Setting max set version to 4 from replica set primary ac-tbaf2rn-shard-00-02.gjyykwi.mongodb.net:27017
2022-10-13 17:48:19,100 INFO org.mongodb.driver.cluster [cluster-ClusterId{value='6348020a57fd667ed4f998d2', description='null'}-ac-tbaf2rn-shard-00-02.gjyykwi.mongodb.net:27017] Discovered replica set primary ac-tbaf2rn-shard-00-02.gjyykwi.mongodb.net:27017
2022-10-13 17:48:19,119 INFO org.mongodb.driver.connection [cluster-rtt-ClusterId{value='6348020a57fd667ed4f998d2', description='null'}-ac-tbaf2rn-shard-00-01.gjyykwi.mongodb.net:27017] Opened connection [connectionId{localValue:25, serverValue:207411}] to ac-tbaf2rn-shard-00-01.gjyykwi.mongodb.net:27017
2022-10-13 17:48:19,120 INFO org.mongodb.driver.connection [cluster-rtt-ClusterId{value='6348020a57fd667ed4f998d2', description='null'}-ac-tbaf2rn-shard-00-00.gjyykwi.mongodb.net:27017] Opened connection [connectionId{localValue:23, serverValue:208500}] to ac-tbaf2rn-shard-00-00.gjyykwi.mongodb.net:27017
2022-10-13 17:48:19,120 INFO org.mongodb.driver.connection [cluster-ClusterId{value='6348020a57fd667ed4f998d2', description='null'}-ac-tbaf2rn-shard-00-01.gjyykwi.mongodb.net:27017] Opened connection [connectionId{localValue:24, serverValue:207411}] to ac-tbaf2rn-shard-00-01.gjyykwi.mongodb.net:27017
2022-10-13 17:48:19,120 INFO org.mongodb.driver.connection [cluster-ClusterId{value='6348020a57fd667ed4f998d2', description='null'}-ac-tbaf2rn-shard-00-00.gjyykwi.mongodb.net:27017] Opened connection [connectionId{localValue:22, serverValue:208500}] to ac-tbaf2rn-shard-00-00.gjyykwi.mongodb.net:27017
2022-10-13 17:48:19,120 INFO org.mongodb.driver.cluster [cluster-ClusterId{value='6348020a57fd667ed4f998d2', description='null'}-ac-tbaf2rn-shard-00-01.gjyykwi.mongodb.net:27017] Monitor thread successfully connected to server with description ServerDescription{address=ac-tbaf2rn-shard-00-01.gjyykwi.mongodb.net:27017, type=REPLICA_SET_SECONDARY, state=CONNECTED, ok=true, minWireVersion=0, maxWireVersion=13, maxDocumentSize=16777216, logicalSessionTimeoutMinutes=30, roundTripTimeNanos=72450800, setName='atlas-b8xotm-shard-0', canonicalAddress=ac-tbaf2rn-shard-00-01.gjyykwi.mongodb.net:27017, hosts=[ac-tbaf2rn-shard-00-00.gjyykwi.mongodb.net:27017, ac-tbaf2rn-shard-00-01.gjyykwi.mongodb.net:27017, ac-tbaf2rn-shard-00-02.gjyykwi.mongodb.net:27017], passives=[], arbiters=[], primary='ac-tbaf2rn-shard-00-02.gjyykwi.mongodb.net:27017', tagSet=TagSet{[Tag{name='nodeType', value='ELECTABLE'}, Tag{name='provider', value='AWS'}, Tag{name='region', value='AP_SOUTH_1'}, Tag{name='workloadType', value='OPERATIONAL'}]}, electionId=null, setVersion=4, topologyVersion=TopologyVersion{processId=633fffd53e8f432f7af5e5e4, counter=3}, lastWriteDate=Thu Oct 13 17:48:19 IST 2022, lastUpdateTimeNanos=195232404023800}
2022-10-13 17:48:19,120 INFO org.mongodb.driver.cluster [cluster-ClusterId{value='6348020a57fd667ed4f998d2', description='null'}-ac-tbaf2rn-shard-00-00.gjyykwi.mongodb.net:27017] Monitor thread successfully connected to server with description ServerDescription{address=ac-tbaf2rn-shard-00-00.gjyykwi.mongodb.net:27017, type=REPLICA_SET_SECONDARY, state=CONNECTED, ok=true, minWireVersion=0, maxWireVersion=13, maxDocumentSize=16777216, logicalSessionTimeoutMinutes=30, roundTripTimeNanos=72156300, setName='atlas-b8xotm-shard-0', canonicalAddress=ac-tbaf2rn-shard-00-00.gjyykwi.mongodb.net:27017, hosts=[ac-tbaf2rn-shard-00-00.gjyykwi.mongodb.net:27017, ac-tbaf2rn-shard-00-01.gjyykwi.mongodb.net:27017, ac-tbaf2rn-shard-00-02.gjyykwi.mongodb.net:27017], passives=[], arbiters=[], primary='ac-tbaf2rn-shard-00-02.gjyykwi.mongodb.net:27017', tagSet=TagSet{[Tag{name='nodeType', value='ELECTABLE'}, Tag{name='provider', value='AWS'}, Tag{name='region', value='AP_SOUTH_1'}, Tag{name='workloadType', value='OPERATIONAL'}]}, electionId=null, setVersion=4, topologyVersion=TopologyVersion{processId=633ffd6787a96d2a8f77e831, counter=4}, lastWriteDate=Thu Oct 13 17:48:19 IST 2022, lastUpdateTimeNanos=195232403732800}
2022-10-13 17:48:19,125 INFO org.mongodb.driver.connection [cluster-rtt-ClusterId{value='6348020a57fd667ed4f998d2', description='null'}-ac-tbaf2rn-shard-00-02.gjyykwi.mongodb.net:27017] Opened connection [connectionId{localValue:27, serverValue:220461}] to ac-tbaf2rn-shard-00-02.gjyykwi.mongodb.net:27017
2022-10-13 17:48:22,016 INFO org.apache.catalina.core.ContainerBase.[Tomcat-1].[localhost].[/] [http-nio-8080-exec-2] Initializing Spring DispatcherServlet 'dispatcherServlet'
2022-10-13 17:48:22,157 INFO org.mongodb.driver.connection [http-nio-8080-exec-2] Opened connection [connectionId{localValue:28, serverValue:220253}] to ac-tbaf2rn-shard-00-02.gjyykwi.mongodb.net:27017
2022-10-13 17:48:22,183 INFO com.todo.Todos.controller.Controller [http-nio-8080-exec-2] Got object found com.todo.Todos.model.Todo@4a9cc9e3
2022-10-13 17:49:38,866 INFO org.apache.catalina.core.StandardService [Thread-16] Stopping service [Tomcat]
2022-10-13 17:49:38,866 INFO org.apache.catalina.core.ContainerBase.[Tomcat-1].[localhost].[/] [Thread-16] Destroying Spring FrameworkServlet 'dispatcherServlet'
2022-10-13 17:49:39,052 INFO com.todo.Todos.TodosApplication [restartedMain] Starting TodosApplication using Java 17.0.3 on DESKTOP-OQL0VOD with PID 14564 (E:\Spring_practise\Spring-API-\target\classes started by BRANE - LAB in E:\Spring_practise\Spring-API-)
2022-10-13 17:49:39,052 INFO com.todo.Todos.TodosApplication [restartedMain] No active profile set, falling back to 1 default profile: "default"
2022-10-13 17:49:39,130 INFO org.apache.catalina.core.StandardService [restartedMain] Starting service [Tomcat]
2022-10-13 17:49:39,130 INFO org.apache.catalina.core.StandardEngine [restartedMain] Starting Servlet engine: [Apache Tomcat/9.0.65]
2022-10-13 17:49:39,138 INFO org.apache.catalina.core.ContainerBase.[Tomcat-1].[localhost].[/] [restartedMain] Initializing Spring embedded WebApplicationContext
2022-10-13 17:49:40,162 INFO org.mongodb.driver.client [restartedMain] MongoClient with metadata {"driver": {"name": "mongo-java-driver|sync|spring-boot", "version": "4.6.1"}, "os": {"type": "Windows", "name": "Windows 10", "architecture": "amd64", "version": "10.0"}, "platform": "Java/Eclipse Adoptium/17.0.3+7"} created with settings MongoClientSettings{readPreference=primary, writeConcern=WriteConcern{w=majority, wTimeout=null ms, journal=null}, retryWrites=true, retryReads=true, readConcern=ReadConcern{level=null}, credential=MongoCredential{mechanism=null, userName='testuser', source='admin', password=<hidden>, mechanismProperties=<hidden>}, streamFactoryFactory=null, commandListeners=[], codecRegistry=ProvidersCodecRegistry{codecProviders=[ValueCodecProvider{}, BsonValueCodecProvider{}, DBRefCodecProvider{}, DBObjectCodecProvider{}, DocumentCodecProvider{}, IterableCodecProvider{}, MapCodecProvider{}, GeoJsonCodecProvider{}, GridFSFileCodecProvider{}, Jsr310CodecProvider{}, JsonObjectCodecProvider{}, BsonCodecProvider{}, EnumCodecProvider{}, com.mongodb.Jep395RecordCodecProvider@1aaf2304]}, clusterSettings={hosts=[127.0.0.1:27017], srvHost=cluster0.gjyykwi.mongodb.net, srvServiceName=mongodb, mode=MULTIPLE, requiredClusterType=REPLICA_SET, requiredReplicaSetName='atlas-b8xotm-shard-0', serverSelector='null', clusterListeners='[]', serverSelectionTimeout='30000 ms', localThreshold='30000 ms'}, socketSettings=SocketSettings{connectTimeoutMS=10000, readTimeoutMS=0, receiveBufferSize=0, sendBufferSize=0}, heartbeatSocketSettings=SocketSettings{connectTimeoutMS=10000, readTimeoutMS=10000, receiveBufferSize=0, sendBufferSize=0}, connectionPoolSettings=ConnectionPoolSettings{maxSize=100, minSize=0, maxWaitTimeMS=120000, maxConnectionLifeTimeMS=0, maxConnectionIdleTimeMS=0, maintenanceInitialDelayMS=0, maintenanceFrequencyMS=60000, connectionPoolListeners=[], maxConnecting=2}, serverSettings=ServerSettings{heartbeatFrequencyMS=10000, minHeartbeatFrequencyMS=500, serverListeners='[]', serverMonitorListeners='[]'}, sslSettings=SslSettings{enabled=true, invalidHostNameAllowed=false, context=null}, applicationName='null', compressorList=[], uuidRepresentation=JAVA_LEGACY, serverApi=null, autoEncryptionSettings=null, contextProvider=null}
2022-10-13 17:49:40,206 INFO com.todo.Todos.TodosApplication [restartedMain] Started TodosApplication in 1.169 seconds (JVM running for 391.359)
2022-10-13 17:49:41,051 INFO org.apache.catalina.core.ContainerBase.[Tomcat-1].[localhost].[/] [http-nio-8080-exec-2] Initializing Spring DispatcherServlet 'dispatcherServlet'
2022-10-13 17:49:41,054 INFO com.todo.Todos.controller.Controller [http-nio-8080-exec-2] Entered getmapping 2
2022-10-13 17:49:41,054 INFO org.mongodb.driver.cluster [http-nio-8080-exec-2] Cluster description not yet available. Waiting for 30000 ms before timing out
2022-10-13 17:49:41,449 INFO org.mongodb.driver.cluster [cluster-ClusterId{value='6348025c57fd667ed4f998d3', description='null'}-srv-cluster0.gjyykwi.mongodb.net] Adding discovered server ac-tbaf2rn-shard-00-00.gjyykwi.mongodb.net:27017 to client view of cluster
2022-10-13 17:49:41,450 INFO org.mongodb.driver.cluster [cluster-ClusterId{value='6348025c57fd667ed4f998d3', description='null'}-srv-cluster0.gjyykwi.mongodb.net] Adding discovered server ac-tbaf2rn-shard-00-01.gjyykwi.mongodb.net:27017 to client view of cluster
2022-10-13 17:49:41,450 INFO org.mongodb.driver.cluster [cluster-ClusterId{value='6348025c57fd667ed4f998d3', description='null'}-srv-cluster0.gjyykwi.mongodb.net] Adding discovered server ac-tbaf2rn-shard-00-02.gjyykwi.mongodb.net:27017 to client view of cluster
2022-10-13 17:49:41,452 INFO org.mongodb.driver.cluster [http-nio-8080-exec-2] No server chosen by com.mongodb.client.internal.MongoClientDelegate$1@17a1a351 from cluster description ClusterDescription{type=REPLICA_SET, connectionMode=MULTIPLE, serverDescriptions=[ServerDescription{address=ac-tbaf2rn-shard-00-01.gjyykwi.mongodb.net:27017, type=UNKNOWN, state=CONNECTING}, ServerDescription{address=ac-tbaf2rn-shard-00-02.gjyykwi.mongodb.net:27017, type=UNKNOWN, state=CONNECTING}, ServerDescription{address=ac-tbaf2rn-shard-00-00.gjyykwi.mongodb.net:27017, type=UNKNOWN, state=CONNECTING}]}. Waiting for 30000 ms before timing out
2022-10-13 17:49:41,569 INFO org.mongodb.driver.connection [cluster-rtt-ClusterId{value='6348025c57fd667ed4f998d3', description='null'}-ac-tbaf2rn-shard-00-00.gjyykwi.mongodb.net:27017] Opened connection [connectionId{localValue:30, serverValue:208527}] to ac-tbaf2rn-shard-00-00.gjyykwi.mongodb.net:27017
2022-10-13 17:49:41,569 INFO org.mongodb.driver.connection [cluster-ClusterId{value='6348025c57fd667ed4f998d3', description='null'}-ac-tbaf2rn-shard-00-01.gjyykwi.mongodb.net:27017] Opened connection [connectionId{localValue:31, serverValue:207438}] to ac-tbaf2rn-shard-00-01.gjyykwi.mongodb.net:27017
2022-10-13 17:49:41,570 INFO org.mongodb.driver.cluster [cluster-ClusterId{value='6348025c57fd667ed4f998d3', description='null'}-ac-tbaf2rn-shard-00-01.gjyykwi.mongodb.net:27017] Monitor thread successfully connected to server with description ServerDescription{address=ac-tbaf2rn-shard-00-01.gjyykwi.mongodb.net:27017, type=REPLICA_SET_SECONDARY, state=CONNECTED, ok=true, minWireVersion=0, maxWireVersion=13, maxDocumentSize=16777216, logicalSessionTimeoutMinutes=30, roundTripTimeNanos=71872900, setName='atlas-b8xotm-shard-0', canonicalAddress=ac-tbaf2rn-shard-00-01.gjyykwi.mongodb.net:27017, hosts=[ac-tbaf2rn-shard-00-00.gjyykwi.mongodb.net:27017, ac-tbaf2rn-shard-00-01.gjyykwi.mongodb.net:27017, ac-tbaf2rn-shard-00-02.gjyykwi.mongodb.net:27017], passives=[], arbiters=[], primary='ac-tbaf2rn-shard-00-02.gjyykwi.mongodb.net:27017', tagSet=TagSet{[Tag{name='nodeType', value='ELECTABLE'}, Tag{name='provider', value='AWS'}, Tag{name='region', value='AP_SOUTH_1'}, Tag{name='workloadType', value='OPERATIONAL'}]}, electionId=null, setVersion=4, topologyVersion=TopologyVersion{processId=633fffd53e8f432f7af5e5e4, counter=3}, lastWriteDate=Thu Oct 13 17:49:41 IST 2022, lastUpdateTimeNanos=195314853417200}
2022-10-13 17:49:41,571 INFO org.mongodb.driver.cluster [http-nio-8080-exec-2] No server chosen by ReadPreferenceServerSelector{readPreference=primary} from cluster description ClusterDescription{type=REPLICA_SET, connectionMode=MULTIPLE, serverDescriptions=[ServerDescription{address=ac-tbaf2rn-shard-00-01.gjyykwi.mongodb.net:27017, type=REPLICA_SET_SECONDARY, state=CONNECTED, ok=true, minWireVersion=0, maxWireVersion=13, maxDocumentSize=16777216, logicalSessionTimeoutMinutes=30, roundTripTimeNanos=71872900, setName='atlas-b8xotm-shard-0', canonicalAddress=ac-tbaf2rn-shard-00-01.gjyykwi.mongodb.net:27017, hosts=[ac-tbaf2rn-shard-00-00.gjyykwi.mongodb.net:27017, ac-tbaf2rn-shard-00-01.gjyykwi.mongodb.net:27017, ac-tbaf2rn-shard-00-02.gjyykwi.mongodb.net:27017], passives=[], arbiters=[], primary='ac-tbaf2rn-shard-00-02.gjyykwi.mongodb.net:27017', tagSet=TagSet{[Tag{name='nodeType', value='ELECTABLE'}, Tag{name='provider', value='AWS'}, Tag{name='region', value='AP_SOUTH_1'}, Tag{name='workloadType', value='OPERATIONAL'}]}, electionId=null, setVersion=4, topologyVersion=TopologyVersion{processId=633fffd53e8f432f7af5e5e4, counter=3}, lastWriteDate=Thu Oct 13 17:49:41 IST 2022, lastUpdateTimeNanos=195314853417200}, ServerDescription{address=ac-tbaf2rn-shard-00-02.gjyykwi.mongodb.net:27017, type=UNKNOWN, state=CONNECTING}, ServerDescription{address=ac-tbaf2rn-shard-00-00.gjyykwi.mongodb.net:27017, type=UNKNOWN, state=CONNECTING}]}. Waiting for 30000 ms before timing out
2022-10-13 17:49:41,592 INFO org.mongodb.driver.connection [cluster-rtt-ClusterId{value='6348025c57fd667ed4f998d3', description='null'}-ac-tbaf2rn-shard-00-01.gjyykwi.mongodb.net:27017] Opened connection [connectionId{localValue:32, serverValue:207434}] to ac-tbaf2rn-shard-00-01.gjyykwi.mongodb.net:27017
2022-10-13 17:49:41,668 INFO org.mongodb.driver.connection [cluster-ClusterId{value='6348025c57fd667ed4f998d3', description='null'}-ac-tbaf2rn-shard-00-00.gjyykwi.mongodb.net:27017] Opened connection [connectionId{localValue:29, serverValue:208527}] to ac-tbaf2rn-shard-00-00.gjyykwi.mongodb.net:27017
2022-10-13 17:49:41,668 INFO org.mongodb.driver.cluster [cluster-ClusterId{value='6348025c57fd667ed4f998d3', description='null'}-ac-tbaf2rn-shard-00-00.gjyykwi.mongodb.net:27017] Monitor thread successfully connected to server with description ServerDescription{address=ac-tbaf2rn-shard-00-00.gjyykwi.mongodb.net:27017, type=REPLICA_SET_SECONDARY, state=CONNECTED, ok=true, minWireVersion=0, maxWireVersion=13, maxDocumentSize=16777216, logicalSessionTimeoutMinutes=30, roundTripTimeNanos=167186800, setName='atlas-b8xotm-shard-0', canonicalAddress=ac-tbaf2rn-shard-00-00.gjyykwi.mongodb.net:27017, hosts=[ac-tbaf2rn-shard-00-00.gjyykwi.mongodb.net:27017, ac-tbaf2rn-shard-00-01.gjyykwi.mongodb.net:27017, ac-tbaf2rn-shard-00-02.gjyykwi.mongodb.net:27017], passives=[], arbiters=[], primary='ac-tbaf2rn-shard-00-02.gjyykwi.mongodb.net:27017', tagSet=TagSet{[Tag{name='nodeType', value='ELECTABLE'}, Tag{name='provider', value='AWS'}, Tag{name='region', value='AP_SOUTH_1'}, Tag{name='workloadType', value='OPERATIONAL'}]}, electionId=null, setVersion=4, topologyVersion=TopologyVersion{processId=633ffd6787a96d2a8f77e831, counter=4}, lastWriteDate=Thu Oct 13 17:49:41 IST 2022, lastUpdateTimeNanos=195314951943800}
2022-10-13 17:49:42,574 INFO org.mongodb.driver.connection [cluster-rtt-ClusterId{value='6348025c57fd667ed4f998d3', description='null'}-ac-tbaf2rn-shard-00-02.gjyykwi.mongodb.net:27017] Opened connection [connectionId{localValue:34, serverValue:220258}] to ac-tbaf2rn-shard-00-02.gjyykwi.mongodb.net:27017
2022-10-13 17:49:42,875 INFO org.mongodb.driver.connection [cluster-ClusterId{value='6348025c57fd667ed4f998d3', description='null'}-ac-tbaf2rn-shard-00-02.gjyykwi.mongodb.net:27017] Opened connection [connectionId{localValue:33, serverValue:220108}] to ac-tbaf2rn-shard-00-02.gjyykwi.mongodb.net:27017
2022-10-13 17:49:42,875 INFO org.mongodb.driver.cluster [cluster-ClusterId{value='6348025c57fd667ed4f998d3', description='null'}-ac-tbaf2rn-shard-00-02.gjyykwi.mongodb.net:27017] Monitor thread successfully connected to server with description ServerDescription{address=ac-tbaf2rn-shard-00-02.gjyykwi.mongodb.net:27017, type=REPLICA_SET_PRIMARY, state=CONNECTED, ok=true, minWireVersion=0, maxWireVersion=13, maxDocumentSize=16777216, logicalSessionTimeoutMinutes=30, roundTripTimeNanos=371298800, setName='atlas-b8xotm-shard-0', canonicalAddress=ac-tbaf2rn-shard-00-02.gjyykwi.mongodb.net:27017, hosts=[ac-tbaf2rn-shard-00-00.gjyykwi.mongodb.net:27017, ac-tbaf2rn-shard-00-01.gjyykwi.mongodb.net:27017, ac-tbaf2rn-shard-00-02.gjyykwi.mongodb.net:27017], passives=[], arbiters=[], primary='ac-tbaf2rn-shard-00-02.gjyykwi.mongodb.net:27017', tagSet=TagSet{[Tag{name='nodeType', value='ELECTABLE'}, Tag{name='provider', value='AWS'}, Tag{name='region', value='AP_SOUTH_1'}, Tag{name='workloadType', value='OPERATIONAL'}]}, electionId=7fffffff0000000000000074, setVersion=4, topologyVersion=TopologyVersion{processId=633ffe8722fe89ac04e03108, counter=6}, lastWriteDate=Thu Oct 13 17:49:42 IST 2022, lastUpdateTimeNanos=195316159194700}
2022-10-13 17:49:42,876 INFO org.mongodb.driver.cluster [cluster-ClusterId{value='6348025c57fd667ed4f998d3', description='null'}-ac-tbaf2rn-shard-00-02.gjyykwi.mongodb.net:27017] Setting max election id to 7fffffff0000000000000074 from replica set primary ac-tbaf2rn-shard-00-02.gjyykwi.mongodb.net:27017
2022-10-13 17:49:42,876 INFO org.mongodb.driver.cluster [cluster-ClusterId{value='6348025c57fd667ed4f998d3', description='null'}-ac-tbaf2rn-shard-00-02.gjyykwi.mongodb.net:27017] Setting max set version to 4 from replica set primary ac-tbaf2rn-shard-00-02.gjyykwi.mongodb.net:27017
2022-10-13 17:49:42,876 INFO org.mongodb.driver.cluster [cluster-ClusterId{value='6348025c57fd667ed4f998d3', description='null'}-ac-tbaf2rn-shard-00-02.gjyykwi.mongodb.net:27017] Discovered replica set primary ac-tbaf2rn-shard-00-02.gjyykwi.mongodb.net:27017
2022-10-13 17:49:43,064 INFO org.mongodb.driver.connection [http-nio-8080-exec-2] Opened connection [connectionId{localValue:35, serverValue:220469}] to ac-tbaf2rn-shard-00-02.gjyykwi.mongodb.net:27017
2022-10-13 17:49:43,099 INFO com.todo.Todos.controller.Controller [http-nio-8080-exec-2] Got object found com.todo.Todos.model.Todo@6ac24b01
2022-10-13 17:51:30,664 INFO org.apache.catalina.core.StandardService [RMI TCP Connection(19)-127.0.0.1] Stopping service [Tomcat]
2022-10-13 17:51:30,665 INFO org.apache.catalina.core.ContainerBase.[Tomcat-1].[localhost].[/] [RMI TCP Connection(19)-127.0.0.1] Destroying Spring FrameworkServlet 'dispatcherServlet'
